0 info it worked if it ends with ok
1 verbose cli [ 'C:\\Program Files\\nodejs\\node.exe',
1 verbose cli   'C:\\Program Files\\nodejs\\node_modules\\npm\\bin\\npm-cli.js',
1 verbose cli   'install',
1 verbose cli   'node',
1 verbose cli   '~4.4.3' ]
2 info using npm@2.15.5
3 info using node@v4.4.5
4 verbose install initial load of A:\100-days-of-code\Monk_Takes_A_Walk\package.json
5 verbose readDependencies loading dependencies from A:\100-days-of-code\Monk_Takes_A_Walk\package.json
6 silly cache add args [ 'node', null ]
7 verbose cache add spec node
8 silly cache add args [ '~4.4.3', null ]
9 verbose cache add spec ~4.4.3
10 silly cache add parsed spec Result {
10 silly cache add   raw: 'node',
10 silly cache add   scope: null,
10 silly cache add   name: 'node',
10 silly cache add   rawSpec: '',
10 silly cache add   spec: 'latest',
10 silly cache add   type: 'tag' }
11 silly addNamed node@latest
12 verbose addNamed "latest" is being treated as a dist-tag for node
13 info addNameTag [ 'node', 'latest' ]
14 silly mapToRegistry name node
15 silly mapToRegistry using default registry
16 silly mapToRegistry registry https://registry.npmjs.org/
17 silly mapToRegistry data Result {
17 silly mapToRegistry   raw: 'node',
17 silly mapToRegistry   scope: null,
17 silly mapToRegistry   name: 'node',
17 silly mapToRegistry   rawSpec: '',
17 silly mapToRegistry   spec: 'latest',
17 silly mapToRegistry   type: 'tag' }
18 silly mapToRegistry uri https://registry.npmjs.org/node
19 verbose addNameTag registry:https://registry.npmjs.org/node not in flight; fetching
20 silly cache add parsed spec Result {
20 silly cache add   raw: '~4.4.3',
20 silly cache add   scope: null,
20 silly cache add   name: null,
20 silly cache add   rawSpec: '~4.4.3',
20 silly cache add   spec: 'A:\\100-days-of-code\\Monk_Takes_A_Walk\\~4.4.3',
20 silly cache add   type: 'local' }
21 error addLocal Could not install A:\100-days-of-code\Monk_Takes_A_Walk\~4.4.3
22 verbose request uri https://registry.npmjs.org/node
23 verbose request no auth needed
24 info attempt registry request try #1 at 7:55:59 PM
25 verbose request id d0c6645f9eb6a07e
26 http request GET https://registry.npmjs.org/node
27 http 200 https://registry.npmjs.org/node
28 verbose headers { server: 'nginx/1.10.1',
28 verbose headers   'content-type': 'application/json',
28 verbose headers   'last-modified': 'Tue, 13 Oct 2015 00:37:12 GMT',
28 verbose headers   etag: 'W/"561c5238-43d"',
28 verbose headers   'content-encoding': 'gzip',
28 verbose headers   'cache-control': 'max-age=300',
28 verbose headers   'content-length': '550',
28 verbose headers   'accept-ranges': 'bytes',
28 verbose headers   date: 'Wed, 04 Jan 2017 14:26:01 GMT',
28 verbose headers   via: '1.1 varnish',
28 verbose headers   age: '0',
28 verbose headers   connection: 'keep-alive',
28 verbose headers   'x-served-by': 'cache-sin6923-SIN',
28 verbose headers   'x-cache': 'MISS',
28 verbose headers   'x-cache-hits': '0',
28 verbose headers   'x-timer': 'S1483539961.778214,VS0,VE214',
28 verbose headers   vary: 'Accept-Encoding' }
29 silly get cb [ 200,
29 silly get   { server: 'nginx/1.10.1',
29 silly get     'content-type': 'application/json',
29 silly get     'last-modified': 'Tue, 13 Oct 2015 00:37:12 GMT',
29 silly get     etag: 'W/"561c5238-43d"',
29 silly get     'content-encoding': 'gzip',
29 silly get     'cache-control': 'max-age=300',
29 silly get     'content-length': '550',
29 silly get     'accept-ranges': 'bytes',
29 silly get     date: 'Wed, 04 Jan 2017 14:26:01 GMT',
29 silly get     via: '1.1 varnish',
29 silly get     age: '0',
29 silly get     connection: 'keep-alive',
29 silly get     'x-served-by': 'cache-sin6923-SIN',
29 silly get     'x-cache': 'MISS',
29 silly get     'x-cache-hits': '0',
29 silly get     'x-timer': 'S1483539961.778214,VS0,VE214',
29 silly get     vary: 'Accept-Encoding' } ]
30 verbose get saving node to C:\Users\Andy\AppData\Roaming\npm-cache\registry.npmjs.org\node\.cache.json
31 verbose correctMkdir C:\Users\Andy\AppData\Roaming\npm-cache correctMkdir not in flight; initializing
32 silly addNameTag next cb for node with tag latest
33 silly addNamed node@0.0.0
34 verbose addNamed "0.0.0" is a plain semver version for node
35 warn deprecated node@0.0.0: To update or install node, go to http://nodejs.org/
36 silly mapToRegistry name node
37 silly mapToRegistry using default registry
38 silly mapToRegistry registry https://registry.npmjs.org/
39 silly mapToRegistry data Result {
39 silly mapToRegistry   raw: 'node',
39 silly mapToRegistry   scope: null,
39 silly mapToRegistry   name: 'node',
39 silly mapToRegistry   rawSpec: '',
39 silly mapToRegistry   spec: 'latest',
39 silly mapToRegistry   type: 'tag' }
40 silly mapToRegistry uri https://registry.npmjs.org/node
41 verbose addRemoteTarball https://registry.npmjs.org/node/-/node-0.0.0.tgz not in flight; adding
42 verbose addRemoteTarball [ 'https://registry.npmjs.org/node/-/node-0.0.0.tgz',
42 verbose addRemoteTarball   '288d62f90530c763eff8d4831ee7343ab3d60793' ]
43 info retry fetch attempt 1 at 7:56:01 PM
44 info attempt registry request try #1 at 7:56:01 PM
45 http fetch GET https://registry.npmjs.org/node/-/node-0.0.0.tgz
46 http fetch 200 https://registry.npmjs.org/node/-/node-0.0.0.tgz
47 silly fetchAndShaCheck shasum 288d62f90530c763eff8d4831ee7343ab3d60793
48 verbose addTmpTarball C:\Users\Andy\AppData\Local\Temp\npm-8788-36437865\registry.npmjs.org\node\-\node-0.0.0.tgz not in flight; adding
49 verbose addTmpTarball already have metadata; skipping unpack for node@0.0.0
50 verbose correctMkdir C:\Users\Andy\AppData\Roaming\npm-cache correctMkdir not in flight; initializing
51 silly cache afterAdd node@0.0.0
52 verbose afterAdd C:\Users\Andy\AppData\Roaming\npm-cache\node\0.0.0\package\package.json not in flight; writing
53 verbose correctMkdir C:\Users\Andy\AppData\Roaming\npm-cache correctMkdir not in flight; initializing
54 verbose afterAdd C:\Users\Andy\AppData\Roaming\npm-cache\node\0.0.0\package\package.json written
55 verbose stack Error: ENOENT: no such file or directory, open 'A:\100-days-of-code\Monk_Takes_A_Walk\~4.4.3'
55 verbose stack     at Error (native)
56 verbose cwd A:\100-days-of-code\Monk_Takes_A_Walk
57 error Windows_NT 10.0.14393
58 error argv "C:\\Program Files\\nodejs\\node.exe" "C:\\Program Files\\nodejs\\node_modules\\npm\\bin\\npm-cli.js" "install" "node" "~4.4.3"
59 error node v4.4.5
60 error npm  v2.15.5
61 error path A:\100-days-of-code\Monk_Takes_A_Walk\~4.4.3
62 error code ENOENT
63 error errno -4058
64 error syscall open
65 error enoent ENOENT: no such file or directory, open 'A:\100-days-of-code\Monk_Takes_A_Walk\~4.4.3'
65 error enoent This is most likely not a problem with npm itself
65 error enoent and is related to npm not being able to find a file.
66 verbose exit [ -4058, true ]
